2018/10/30 11:33:08 [/eccube-2.12.6/html/abouts/index.php] Warning(E_WARNING): Creating default object from empty value on [/Applications/MAMP/htdocs/eccube-2.12.6/data/class/pages/abouts/LC_Page_Abouts.php(70)] from ::1
2018/10/30 11:33:10 [/eccube-2.12.6/html/contact/index.php] Warning(E_WARNING): Illegal string offset 'name01' on [/Applications/MAMP/htdocs/eccube-2.12.6/data/Smarty/templates_c/default/%%6D^6D7^6D765D86%%index.tpl.php(28)] from ::1
2018/10/30 11:33:10 [/eccube-2.12.6/html/contact/index.php] Warning(E_WARNING): Illegal string offset 'name02' on [/Applications/MAMP/htdocs/eccube-2.12.6/data/Smarty/templates_c/default/%%6D^6D7^6D765D86%%index.tpl.php(32)] from ::1
2018/10/30 11:33:10 [/eccube-2.12.6/html/contact/index.php] Warning(E_WARNING): Illegal string offset 'kana01' on [/Applications/MAMP/htdocs/eccube-2.12.6/data/Smarty/templates_c/default/%%6D^6D7^6D765D86%%index.tpl.php(44)] from ::1
2018/10/30 11:33:10 [/eccube-2.12.6/html/contact/index.php] Warning(E_WARNING): Illegal string offset 'kana02' on [/Applications/MAMP/htdocs/eccube-2.12.6/data/Smarty/templates_c/default/%%6D^6D7^6D765D86%%index.tpl.php(48)] from ::1
2018/10/30 11:33:10 [/eccube-2.12.6/html/contact/index.php] Warning(E_WARNING): Illegal string offset 'zip01' on [/Applications/MAMP/htdocs/eccube-2.12.6/data/Smarty/templates_c/default/%%6D^6D7^6D765D86%%index.tpl.php(62)] from ::1
2018/10/30 11:33:10 [/eccube-2.12.6/html/contact/index.php] Warning(E_WARNING): Illegal string offset 'zip02' on [/Applications/MAMP/htdocs/eccube-2.12.6/data/Smarty/templates_c/default/%%6D^6D7^6D765D86%%index.tpl.php(66)] from ::1
2018/10/30 11:33:10 [/eccube-2.12.6/html/contact/index.php] Warning(E_WARNING): Illegal string offset 'pref' on [/Applications/MAMP/htdocs/eccube-2.12.6/data/Smarty/templates_c/default/%%6D^6D7^6D765D86%%index.tpl.php(91)] from ::1
2018/10/30 11:33:10 [/eccube-2.12.6/html/contact/index.php] Warning(E_WARNING): Illegal string offset 'addr01' on [/Applications/MAMP/htdocs/eccube-2.12.6/data/Smarty/templates_c/default/%%6D^6D7^6D765D86%%index.tpl.php(95)] from ::1
2018/10/30 11:33:10 [/eccube-2.12.6/html/contact/index.php] Warning(E_WARNING): Illegal string offset 'addr02' on [/Applications/MAMP/htdocs/eccube-2.12.6/data/Smarty/templates_c/default/%%6D^6D7^6D765D86%%index.tpl.php(103)] from ::1
2018/10/30 11:33:10 [/eccube-2.12.6/html/contact/index.php] Warning(E_WARNING): Illegal string offset 'tel01' on [/Applications/MAMP/htdocs/eccube-2.12.6/data/Smarty/templates_c/default/%%6D^6D7^6D765D86%%index.tpl.php(120)] from ::1
2018/10/30 11:33:10 [/eccube-2.12.6/html/contact/index.php] Warning(E_WARNING): Illegal string offset 'tel02' on [/Applications/MAMP/htdocs/eccube-2.12.6/data/Smarty/templates_c/default/%%6D^6D7^6D765D86%%index.tpl.php(124)] from ::1
2018/10/30 11:33:10 [/eccube-2.12.6/html/contact/index.php] Warning(E_WARNING): Illegal string offset 'tel03' on [/Applications/MAMP/htdocs/eccube-2.12.6/data/Smarty/templates_c/default/%%6D^6D7^6D765D86%%index.tpl.php(128)] from ::1
2018/10/30 11:33:10 [/eccube-2.12.6/html/contact/index.php] Warning(E_WARNING): Illegal string offset 'email' on [/Applications/MAMP/htdocs/eccube-2.12.6/data/Smarty/templates_c/default/%%6D^6D7^6D765D86%%index.tpl.php(140)] from ::1
2018/10/30 12:11:17 [/eccube-2.12.6/html/abouts/index.php] Warning(E_WARNING): Creating default object from empty value on [/Applications/MAMP/htdocs/eccube-2.12.6/data/class/pages/abouts/LC_Page_Abouts.php(70)] from ::1
2018/10/30 12:11:20 [/eccube-2.12.6/html/contact/index.php] Warning(E_WARNING): Illegal string offset 'name01' on [/Applications/MAMP/htdocs/eccube-2.12.6/data/Smarty/templates_c/default/%%6D^6D7^6D765D86%%index.tpl.php(28)] from ::1
2018/10/30 12:11:20 [/eccube-2.12.6/html/contact/index.php] Warning(E_WARNING): Illegal string offset 'name02' on [/Applications/MAMP/htdocs/eccube-2.12.6/data/Smarty/templates_c/default/%%6D^6D7^6D765D86%%index.tpl.php(32)] from ::1
2018/10/30 12:11:20 [/eccube-2.12.6/html/contact/index.php] Warning(E_WARNING): Illegal string offset 'kana01' on [/Applications/MAMP/htdocs/eccube-2.12.6/data/Smarty/templates_c/default/%%6D^6D7^6D765D86%%index.tpl.php(44)] from ::1
2018/10/30 12:11:20 [/eccube-2.12.6/html/contact/index.php] Warning(E_WARNING): Illegal string offset 'kana02' on [/Applications/MAMP/htdocs/eccube-2.12.6/data/Smarty/templates_c/default/%%6D^6D7^6D765D86%%index.tpl.php(48)] from ::1
2018/10/30 12:11:20 [/eccube-2.12.6/html/contact/index.php] Warning(E_WARNING): Illegal string offset 'zip01' on [/Applications/MAMP/htdocs/eccube-2.12.6/data/Smarty/templates_c/default/%%6D^6D7^6D765D86%%index.tpl.php(62)] from ::1
2018/10/30 12:11:20 [/eccube-2.12.6/html/contact/index.php] Warning(E_WARNING): Illegal string offset 'zip02' on [/Applications/MAMP/htdocs/eccube-2.12.6/data/Smarty/templates_c/default/%%6D^6D7^6D765D86%%index.tpl.php(66)] from ::1
2018/10/30 12:11:20 [/eccube-2.12.6/html/contact/index.php] Warning(E_WARNING): Illegal string offset 'pref' on [/Applications/MAMP/htdocs/eccube-2.12.6/data/Smarty/templates_c/default/%%6D^6D7^6D765D86%%index.tpl.php(91)] from ::1
2018/10/30 12:11:20 [/eccube-2.12.6/html/contact/index.php] Warning(E_WARNING): Illegal string offset 'addr01' on [/Applications/MAMP/htdocs/eccube-2.12.6/data/Smarty/templates_c/default/%%6D^6D7^6D765D86%%index.tpl.php(95)] from ::1
2018/10/30 12:11:20 [/eccube-2.12.6/html/contact/index.php] Warning(E_WARNING): Illegal string offset 'addr02' on [/Applications/MAMP/htdocs/eccube-2.12.6/data/Smarty/templates_c/default/%%6D^6D7^6D765D86%%index.tpl.php(103)] from ::1
2018/10/30 12:11:20 [/eccube-2.12.6/html/contact/index.php] Warning(E_WARNING): Illegal string offset 'tel01' on [/Applications/MAMP/htdocs/eccube-2.12.6/data/Smarty/templates_c/default/%%6D^6D7^6D765D86%%index.tpl.php(120)] from ::1
2018/10/30 12:11:20 [/eccube-2.12.6/html/contact/index.php] Warning(E_WARNING): Illegal string offset 'tel02' on [/Applications/MAMP/htdocs/eccube-2.12.6/data/Smarty/templates_c/default/%%6D^6D7^6D765D86%%index.tpl.php(124)] from ::1
2018/10/30 12:11:20 [/eccube-2.12.6/html/contact/index.php] Warning(E_WARNING): Illegal string offset 'tel03' on [/Applications/MAMP/htdocs/eccube-2.12.6/data/Smarty/templates_c/default/%%6D^6D7^6D765D86%%index.tpl.php(128)] from ::1
2018/10/30 12:11:20 [/eccube-2.12.6/html/contact/index.php] Warning(E_WARNING): Illegal string offset 'email' on [/Applications/MAMP/htdocs/eccube-2.12.6/data/Smarty/templates_c/default/%%6D^6D7^6D765D86%%index.tpl.php(140)] from ::1
2018/10/30 12:11:39 [/eccube-2.12.6/html/abouts/index.php] Warning(E_WARNING): Creating default object from empty value on [/Applications/MAMP/htdocs/eccube-2.12.6/data/class/pages/abouts/LC_Page_Abouts.php(70)] from ::1
2018/10/30 12:15:07 [/eccube-2.12.6/html/abouts/index.php] Warning(E_WARNING): Creating default object from empty value on [/Applications/MAMP/htdocs/eccube-2.12.6/data/class/pages/abouts/LC_Page_Abouts.php(70)] from ::1
2018/10/30 12:15:09 [/eccube-2.12.6/html/abouts/index.php] Warning(E_WARNING): Creating default object from empty value on [/Applications/MAMP/htdocs/eccube-2.12.6/data/class/pages/abouts/LC_Page_Abouts.php(70)] from ::1
2018/10/30 12:15:11 [/eccube-2.12.6/html/abouts/index.php] Warning(E_WARNING): Creating default object from empty value on [/Applications/MAMP/htdocs/eccube-2.12.6/data/class/pages/abouts/LC_Page_Abouts.php(70)] from ::1
2018/10/30 12:15:13 [/eccube-2.12.6/html/contact/index.php] Warning(E_WARNING): Illegal string offset 'name01' on [/Applications/MAMP/htdocs/eccube-2.12.6/data/Smarty/templates_c/default/%%6D^6D7^6D765D86%%index.tpl.php(28)] from ::1
2018/10/30 12:15:13 [/eccube-2.12.6/html/contact/index.php] Warning(E_WARNING): Illegal string offset 'name02' on [/Applications/MAMP/htdocs/eccube-2.12.6/data/Smarty/templates_c/default/%%6D^6D7^6D765D86%%index.tpl.php(32)] from ::1
2018/10/30 12:15:13 [/eccube-2.12.6/html/contact/index.php] Warning(E_WARNING): Illegal string offset 'kana01' on [/Applications/MAMP/htdocs/eccube-2.12.6/data/Smarty/templates_c/default/%%6D^6D7^6D765D86%%index.tpl.php(44)] from ::1
2018/10/30 12:15:13 [/eccube-2.12.6/html/contact/index.php] Warning(E_WARNING): Illegal string offset 'kana02' on [/Applications/MAMP/htdocs/eccube-2.12.6/data/Smarty/templates_c/default/%%6D^6D7^6D765D86%%index.tpl.php(48)] from ::1
2018/10/30 12:15:13 [/eccube-2.12.6/html/contact/index.php] Warning(E_WARNING): Illegal string offset 'zip01' on [/Applications/MAMP/htdocs/eccube-2.12.6/data/Smarty/templates_c/default/%%6D^6D7^6D765D86%%index.tpl.php(62)] from ::1
2018/10/30 12:15:13 [/eccube-2.12.6/html/contact/index.php] Warning(E_WARNING): Illegal string offset 'zip02' on [/Applications/MAMP/htdocs/eccube-2.12.6/data/Smarty/templates_c/default/%%6D^6D7^6D765D86%%index.tpl.php(66)] from ::1
2018/10/30 12:15:13 [/eccube-2.12.6/html/contact/index.php] Warning(E_WARNING): Illegal string offset 'pref' on [/Applications/MAMP/htdocs/eccube-2.12.6/data/Smarty/templates_c/default/%%6D^6D7^6D765D86%%index.tpl.php(91)] from ::1
2018/10/30 12:15:13 [/eccube-2.12.6/html/contact/index.php] Warning(E_WARNING): Illegal string offset 'addr01' on [/Applications/MAMP/htdocs/eccube-2.12.6/data/Smarty/templates_c/default/%%6D^6D7^6D765D86%%index.tpl.php(95)] from ::1
2018/10/30 12:15:13 [/eccube-2.12.6/html/contact/index.php] Warning(E_WARNING): Illegal string offset 'addr02' on [/Applications/MAMP/htdocs/eccube-2.12.6/data/Smarty/templates_c/default/%%6D^6D7^6D765D86%%index.tpl.php(103)] from ::1
2018/10/30 12:15:13 [/eccube-2.12.6/html/contact/index.php] Warning(E_WARNING): Illegal string offset 'tel01' on [/Applications/MAMP/htdocs/eccube-2.12.6/data/Smarty/templates_c/default/%%6D^6D7^6D765D86%%index.tpl.php(120)] from ::1
2018/10/30 12:15:13 [/eccube-2.12.6/html/contact/index.php] Warning(E_WARNING): Illegal string offset 'tel02' on [/Applications/MAMP/htdocs/eccube-2.12.6/data/Smarty/templates_c/default/%%6D^6D7^6D765D86%%index.tpl.php(124)] from ::1
2018/10/30 12:15:13 [/eccube-2.12.6/html/contact/index.php] Warning(E_WARNING): Illegal string offset 'tel03' on [/Applications/MAMP/htdocs/eccube-2.12.6/data/Smarty/templates_c/default/%%6D^6D7^6D765D86%%index.tpl.php(128)] from ::1
2018/10/30 12:15:13 [/eccube-2.12.6/html/contact/index.php] Warning(E_WARNING): Illegal string offset 'email' on [/Applications/MAMP/htdocs/eccube-2.12.6/data/Smarty/templates_c/default/%%6D^6D7^6D765D86%%index.tpl.php(140)] from ::1
2018/10/30 12:25:42 [/eccube-2.12.6/html/admin/products/product.php] Warning(E_WARNING): array_diff(): Argument #1 is not an array on [/Applications/MAMP/htdocs/eccube-2.12.6/data/class/SC_CheckError.php(63)] from ::1
2018/10/30 12:25:42 [/eccube-2.12.6/html/admin/products/product.php] Warning(E_WARNING): array_diff(): Argument #1 is not an array on [/Applications/MAMP/htdocs/eccube-2.12.6/data/class/SC_CheckError.php(63)] from ::1
2018/10/30 12:25:42 [/eccube-2.12.6/html/admin/products/product.php] Warning(E_WARNING): array_diff(): Argument #1 is not an array on [/Applications/MAMP/htdocs/eccube-2.12.6/data/class/SC_CheckError.php(63)] from ::1
2018/10/30 12:25:42 [/eccube-2.12.6/html/admin/products/product.php] Warning(E_WARNING): array_diff(): Argument #1 is not an array on [/Applications/MAMP/htdocs/eccube-2.12.6/data/class/SC_CheckError.php(63)] from ::1
2018/10/30 12:25:42 [/eccube-2.12.6/html/admin/products/product.php] Warning(E_WARNING): array_diff(): Argument #1 is not an array on [/Applications/MAMP/htdocs/eccube-2.12.6/data/class/SC_CheckError.php(63)] from ::1
2018/10/30 12:25:42 [/eccube-2.12.6/html/admin/products/product.php] Warning(E_WARNING): array_diff(): Argument #1 is not an array on [/Applications/MAMP/htdocs/eccube-2.12.6/data/class/SC_CheckError.php(63)] from ::1
2018/10/30 12:25:46 [/eccube-2.12.6/html/admin/products/product.php] Warning(E_WARNING): array_diff(): Argument #1 is not an array on [/Applications/MAMP/htdocs/eccube-2.12.6/data/class/SC_CheckError.php(63)] from ::1
2018/10/30 12:25:46 [/eccube-2.12.6/html/admin/products/product.php] Warning(E_WARNING): array_diff(): Argument #1 is not an array on [/Applications/MAMP/htdocs/eccube-2.12.6/data/class/SC_CheckError.php(63)] from ::1
2018/10/30 12:25:46 [/eccube-2.12.6/html/admin/products/product.php] Warning(E_WARNING): array_diff(): Argument #1 is not an array on [/Applications/MAMP/htdocs/eccube-2.12.6/data/class/SC_CheckError.php(63)] from ::1
2018/10/30 12:25:46 [/eccube-2.12.6/html/admin/products/product.php] Warning(E_WARNING): array_diff(): Argument #1 is not an array on [/Applications/MAMP/htdocs/eccube-2.12.6/data/class/SC_CheckError.php(63)] from ::1
2018/10/30 12:25:46 [/eccube-2.12.6/html/admin/products/product.php] Warning(E_WARNING): array_diff(): Argument #1 is not an array on [/Applications/MAMP/htdocs/eccube-2.12.6/data/class/SC_CheckError.php(63)] from ::1
2018/10/30 12:25:46 [/eccube-2.12.6/html/admin/products/product.php] Warning(E_WARNING): array_diff(): Argument #1 is not an array on [/Applications/MAMP/htdocs/eccube-2.12.6/data/class/SC_CheckError.php(63)] from ::1
2018/10/30 12:26:19 [/eccube-2.12.6/html/admin/products/product.php] Warning(E_WARNING): array_diff(): Argument #1 is not an array on [/Applications/MAMP/htdocs/eccube-2.12.6/data/class/SC_CheckError.php(63)] from ::1
2018/10/30 12:26:19 [/eccube-2.12.6/html/admin/products/product.php] Warning(E_WARNING): array_diff(): Argument #1 is not an array on [/Applications/MAMP/htdocs/eccube-2.12.6/data/class/SC_CheckError.php(63)] from ::1
2018/10/30 12:26:19 [/eccube-2.12.6/html/admin/products/product.php] Warning(E_WARNING): array_diff(): Argument #1 is not an array on [/Applications/MAMP/htdocs/eccube-2.12.6/data/class/SC_CheckError.php(63)] from ::1
2018/10/30 12:26:20 [/eccube-2.12.6/html/admin/products/product.php] Warning(E_WARNING): array_diff(): Argument #1 is not an array on [/Applications/MAMP/htdocs/eccube-2.12.6/data/class/SC_CheckError.php(63)] from ::1
2018/10/30 12:26:20 [/eccube-2.12.6/html/admin/products/product.php] Warning(E_WARNING): array_diff(): Argument #1 is not an array on [/Applications/MAMP/htdocs/eccube-2.12.6/data/class/SC_CheckError.php(63)] from ::1
2018/10/30 12:26:20 [/eccube-2.12.6/html/admin/products/product.php] Warning(E_WARNING): array_diff(): Argument #1 is not an array on [/Applications/MAMP/htdocs/eccube-2.12.6/data/class/SC_CheckError.php(63)] from ::1
2018/10/30 12:26:22 [/eccube-2.12.6/html/admin/products/product.php] Warning(E_WARNING): array_diff(): Argument #1 is not an array on [/Applications/MAMP/htdocs/eccube-2.12.6/data/class/SC_CheckError.php(63)] from ::1
2018/10/30 12:26:22 [/eccube-2.12.6/html/admin/products/product.php] Warning(E_WARNING): array_diff(): Argument #1 is not an array on [/Applications/MAMP/htdocs/eccube-2.12.6/data/class/SC_CheckError.php(63)] from ::1
2018/10/30 12:26:22 [/eccube-2.12.6/html/admin/products/product.php] Warning(E_WARNING): array_diff(): Argument #1 is not an array on [/Applications/MAMP/htdocs/eccube-2.12.6/data/class/SC_CheckError.php(63)] from ::1
2018/10/30 12:26:22 [/eccube-2.12.6/html/admin/products/product.php] Warning(E_WARNING): array_diff(): Argument #1 is not an array on [/Applications/MAMP/htdocs/eccube-2.12.6/data/class/SC_CheckError.php(63)] from ::1
2018/10/30 12:26:22 [/eccube-2.12.6/html/admin/products/product.php] Warning(E_WARNING): array_diff(): Argument #1 is not an array on [/Applications/MAMP/htdocs/eccube-2.12.6/data/class/SC_CheckError.php(63)] from ::1
2018/10/30 12:26:22 [/eccube-2.12.6/html/admin/products/product.php] Warning(E_WARNING): array_diff(): Argument #1 is not an array on [/Applications/MAMP/htdocs/eccube-2.12.6/data/class/SC_CheckError.php(63)] from ::1
2018/10/30 12:26:38 [/eccube-2.12.6/html/admin/products/product.php] Warning(E_WARNING): array_diff(): Argument #1 is not an array on [/Applications/MAMP/htdocs/eccube-2.12.6/data/class/SC_CheckError.php(63)] from ::1
2018/10/30 12:26:38 [/eccube-2.12.6/html/admin/products/product.php] Warning(E_WARNING): array_diff(): Argument #1 is not an array on [/Applications/MAMP/htdocs/eccube-2.12.6/data/class/SC_CheckError.php(63)] from ::1
2018/10/30 12:26:38 [/eccube-2.12.6/html/admin/products/product.php] Warning(E_WARNING): array_diff(): Argument #1 is not an array on [/Applications/MAMP/htdocs/eccube-2.12.6/data/class/SC_CheckError.php(63)] from ::1
2018/10/30 12:26:38 [/eccube-2.12.6/html/admin/products/product.php] Warning(E_WARNING): array_diff(): Argument #1 is not an array on [/Applications/MAMP/htdocs/eccube-2.12.6/data/class/SC_CheckError.php(63)] from ::1
2018/10/30 12:26:38 [/eccube-2.12.6/html/admin/products/product.php] Warning(E_WARNING): array_diff(): Argument #1 is not an array on [/Applications/MAMP/htdocs/eccube-2.12.6/data/class/SC_CheckError.php(63)] from ::1
2018/10/30 12:26:38 [/eccube-2.12.6/html/admin/products/product.php] Warning(E_WARNING): array_diff(): Argument #1 is not an array on [/Applications/MAMP/htdocs/eccube-2.12.6/data/class/SC_CheckError.php(63)] from ::1
2018/10/30 12:26:40 [/eccube-2.12.6/html/admin/products/product.php] Warning(E_WARNING): array_diff(): Argument #1 is not an array on [/Applications/MAMP/htdocs/eccube-2.12.6/data/class/SC_CheckError.php(63)] from ::1
2018/10/30 12:26:40 [/eccube-2.12.6/html/admin/products/product.php] Warning(E_WARNING): array_diff(): Argument #1 is not an array on [/Applications/MAMP/htdocs/eccube-2.12.6/data/class/SC_CheckError.php(63)] from ::1
2018/10/30 12:26:40 [/eccube-2.12.6/html/admin/products/product.php] Warning(E_WARNING): array_diff(): Argument #1 is not an array on [/Applications/MAMP/htdocs/eccube-2.12.6/data/class/SC_CheckError.php(63)] from ::1
2018/10/30 12:26:40 [/eccube-2.12.6/html/admin/products/product.php] Warning(E_WARNING): array_diff(): Argument #1 is not an array on [/Applications/MAMP/htdocs/eccube-2.12.6/data/class/SC_CheckError.php(63)] from ::1
2018/10/30 12:26:40 [/eccube-2.12.6/html/admin/products/product.php] Warning(E_WARNING): array_diff(): Argument #1 is not an array on [/Applications/MAMP/htdocs/eccube-2.12.6/data/class/SC_CheckError.php(63)] from ::1
2018/10/30 12:26:40 [/eccube-2.12.6/html/admin/products/product.php] Warning(E_WARNING): array_diff(): Argument #1 is not an array on [/Applications/MAMP/htdocs/eccube-2.12.6/data/class/SC_CheckError.php(63)] from ::1
2018/10/30 12:26:51 [/eccube-2.12.6/html/admin/products/product.php] Warning(E_WARNING): array_diff(): Argument #1 is not an array on [/Applications/MAMP/htdocs/eccube-2.12.6/data/class/SC_CheckError.php(63)] from ::1
2018/10/30 12:26:51 [/eccube-2.12.6/html/admin/products/product.php] Warning(E_WARNING): array_diff(): Argument #1 is not an array on [/Applications/MAMP/htdocs/eccube-2.12.6/data/class/SC_CheckError.php(63)] from ::1
2018/10/30 12:26:51 [/eccube-2.12.6/html/admin/products/product.php] Warning(E_WARNING): array_diff(): Argument #1 is not an array on [/Applications/MAMP/htdocs/eccube-2.12.6/data/class/SC_CheckError.php(63)] from ::1
2018/10/30 12:26:51 [/eccube-2.12.6/html/admin/products/product.php] Warning(E_WARNING): array_diff(): Argument #1 is not an array on [/Applications/MAMP/htdocs/eccube-2.12.6/data/class/SC_CheckError.php(63)] from ::1
2018/10/30 12:26:51 [/eccube-2.12.6/html/admin/products/product.php] Warning(E_WARNING): array_diff(): Argument #1 is not an array on [/Applications/MAMP/htdocs/eccube-2.12.6/data/class/SC_CheckError.php(63)] from ::1
2018/10/30 12:26:51 [/eccube-2.12.6/html/admin/products/product.php] Warning(E_WARNING): array_diff(): Argument #1 is not an array on [/Applications/MAMP/htdocs/eccube-2.12.6/data/class/SC_CheckError.php(63)] from ::1
2018/10/30 12:26:54 [/eccube-2.12.6/html/admin/products/product.php] Warning(E_WARNING): array_diff(): Argument #1 is not an array on [/Applications/MAMP/htdocs/eccube-2.12.6/data/class/SC_CheckError.php(63)] from ::1
2018/10/30 12:26:54 [/eccube-2.12.6/html/admin/products/product.php] Warning(E_WARNING): array_diff(): Argument #1 is not an array on [/Applications/MAMP/htdocs/eccube-2.12.6/data/class/SC_CheckError.php(63)] from ::1
2018/10/30 12:26:54 [/eccube-2.12.6/html/admin/products/product.php] Warning(E_WARNING): array_diff(): Argument #1 is not an array on [/Applications/MAMP/htdocs/eccube-2.12.6/data/class/SC_CheckError.php(63)] from ::1
2018/10/30 12:26:54 [/eccube-2.12.6/html/admin/products/product.php] Warning(E_WARNING): array_diff(): Argument #1 is not an array on [/Applications/MAMP/htdocs/eccube-2.12.6/data/class/SC_CheckError.php(63)] from ::1
2018/10/30 12:26:54 [/eccube-2.12.6/html/admin/products/product.php] Warning(E_WARNING): array_diff(): Argument #1 is not an array on [/Applications/MAMP/htdocs/eccube-2.12.6/data/class/SC_CheckError.php(63)] from ::1
2018/10/30 12:26:54 [/eccube-2.12.6/html/admin/products/product.php] Warning(E_WARNING): array_diff(): Argument #1 is not an array on [/Applications/MAMP/htdocs/eccube-2.12.6/data/class/SC_CheckError.php(63)] from ::1
2018/10/30 12:27:03 [/eccube-2.12.6/html/admin/products/product.php] Warning(E_WARNING): array_diff(): Argument #1 is not an array on [/Applications/MAMP/htdocs/eccube-2.12.6/data/class/SC_CheckError.php(63)] from ::1
2018/10/30 12:27:03 [/eccube-2.12.6/html/admin/products/product.php] Warning(E_WARNING): array_diff(): Argument #1 is not an array on [/Applications/MAMP/htdocs/eccube-2.12.6/data/class/SC_CheckError.php(63)] from ::1
2018/10/30 12:27:03 [/eccube-2.12.6/html/admin/products/product.php] Warning(E_WARNING): array_diff(): Argument #1 is not an array on [/Applications/MAMP/htdocs/eccube-2.12.6/data/class/SC_CheckError.php(63)] from ::1
2018/10/30 12:27:03 [/eccube-2.12.6/html/admin/products/product.php] Warning(E_WARNING): array_diff(): Argument #1 is not an array on [/Applications/MAMP/htdocs/eccube-2.12.6/data/class/SC_CheckError.php(63)] from ::1
2018/10/30 12:27:03 [/eccube-2.12.6/html/admin/products/product.php] Warning(E_WARNING): array_diff(): Argument #1 is not an array on [/Applications/MAMP/htdocs/eccube-2.12.6/data/class/SC_CheckError.php(63)] from ::1
2018/10/30 12:27:03 [/eccube-2.12.6/html/admin/products/product.php] Warning(E_WARNING): array_diff(): Argument #1 is not an array on [/Applications/MAMP/htdocs/eccube-2.12.6/data/class/SC_CheckError.php(63)] from ::1
2018/10/30 12:27:08 [/eccube-2.12.6/html/admin/products/product.php] Warning(E_WARNING): array_diff(): Argument #1 is not an array on [/Applications/MAMP/htdocs/eccube-2.12.6/data/class/SC_CheckError.php(63)] from ::1
2018/10/30 12:27:08 [/eccube-2.12.6/html/admin/products/product.php] Warning(E_WARNING): array_diff(): Argument #1 is not an array on [/Applications/MAMP/htdocs/eccube-2.12.6/data/class/SC_CheckError.php(63)] from ::1
2018/10/30 12:27:08 [/eccube-2.12.6/html/admin/products/product.php] Warning(E_WARNING): array_diff(): Argument #1 is not an array on [/Applications/MAMP/htdocs/eccube-2.12.6/data/class/SC_CheckError.php(63)] from ::1
2018/10/30 12:27:08 [/eccube-2.12.6/html/admin/products/product.php] Warning(E_WARNING): array_diff(): Argument #1 is not an array on [/Applications/MAMP/htdocs/eccube-2.12.6/data/class/SC_CheckError.php(63)] from ::1
2018/10/30 12:27:08 [/eccube-2.12.6/html/admin/products/product.php] Warning(E_WARNING): array_diff(): Argument #1 is not an array on [/Applications/MAMP/htdocs/eccube-2.12.6/data/class/SC_CheckError.php(63)] from ::1
2018/10/30 12:27:08 [/eccube-2.12.6/html/admin/products/product.php] Warning(E_WARNING): array_diff(): Argument #1 is not an array on [/Applications/MAMP/htdocs/eccube-2.12.6/data/class/SC_CheckError.php(63)] from ::1
2018/10/30 12:27:16 [/eccube-2.12.6/html/admin/products/product.php] Warning(E_WARNING): array_diff(): Argument #1 is not an array on [/Applications/MAMP/htdocs/eccube-2.12.6/data/class/SC_CheckError.php(63)] from ::1
2018/10/30 12:27:16 [/eccube-2.12.6/html/admin/products/product.php] Warning(E_WARNING): array_diff(): Argument #1 is not an array on [/Applications/MAMP/htdocs/eccube-2.12.6/data/class/SC_CheckError.php(63)] from ::1
2018/10/30 12:27:16 [/eccube-2.12.6/html/admin/products/product.php] Warning(E_WARNING): array_diff(): Argument #1 is not an array on [/Applications/MAMP/htdocs/eccube-2.12.6/data/class/SC_CheckError.php(63)] from ::1
2018/10/30 12:27:16 [/eccube-2.12.6/html/admin/products/product.php] Warning(E_WARNING): array_diff(): Argument #1 is not an array on [/Applications/MAMP/htdocs/eccube-2.12.6/data/class/SC_CheckError.php(63)] from ::1
2018/10/30 12:27:16 [/eccube-2.12.6/html/admin/products/product.php] Warning(E_WARNING): array_diff(): Argument #1 is not an array on [/Applications/MAMP/htdocs/eccube-2.12.6/data/class/SC_CheckError.php(63)] from ::1
2018/10/30 12:27:16 [/eccube-2.12.6/html/admin/products/product.php] Warning(E_WARNING): array_diff(): Argument #1 is not an array on [/Applications/MAMP/htdocs/eccube-2.12.6/data/class/SC_CheckError.php(63)] from ::1
2018/10/30 12:27:19 [/eccube-2.12.6/html/admin/products/product.php] Warning(E_WARNING): array_diff(): Argument #1 is not an array on [/Applications/MAMP/htdocs/eccube-2.12.6/data/class/SC_CheckError.php(63)] from ::1
2018/10/30 12:27:19 [/eccube-2.12.6/html/admin/products/product.php] Warning(E_WARNING): array_diff(): Argument #1 is not an array on [/Applications/MAMP/htdocs/eccube-2.12.6/data/class/SC_CheckError.php(63)] from ::1
2018/10/30 12:27:19 [/eccube-2.12.6/html/admin/products/product.php] Warning(E_WARNING): array_diff(): Argument #1 is not an array on [/Applications/MAMP/htdocs/eccube-2.12.6/data/class/SC_CheckError.php(63)] from ::1
2018/10/30 12:27:19 [/eccube-2.12.6/html/admin/products/product.php] Warning(E_WARNING): array_diff(): Argument #1 is not an array on [/Applications/MAMP/htdocs/eccube-2.12.6/data/class/SC_CheckError.php(63)] from ::1
2018/10/30 12:27:19 [/eccube-2.12.6/html/admin/products/product.php] Warning(E_WARNING): array_diff(): Argument #1 is not an array on [/Applications/MAMP/htdocs/eccube-2.12.6/data/class/SC_CheckError.php(63)] from ::1
2018/10/30 12:27:19 [/eccube-2.12.6/html/admin/products/product.php] Warning(E_WARNING): array_diff(): Argument #1 is not an array on [/Applications/MAMP/htdocs/eccube-2.12.6/data/class/SC_CheckError.php(63)] from ::1
2018/10/30 12:27:31 [/eccube-2.12.6/html/admin/products/product.php] Warning(E_WARNING): array_diff(): Argument #1 is not an array on [/Applications/MAMP/htdocs/eccube-2.12.6/data/class/SC_CheckError.php(63)] from ::1
2018/10/30 12:27:31 [/eccube-2.12.6/html/admin/products/product.php] Warning(E_WARNING): array_diff(): Argument #1 is not an array on [/Applications/MAMP/htdocs/eccube-2.12.6/data/class/SC_CheckError.php(63)] from ::1
2018/10/30 12:27:31 [/eccube-2.12.6/html/admin/products/product.php] Warning(E_WARNING): array_diff(): Argument #1 is not an array on [/Applications/MAMP/htdocs/eccube-2.12.6/data/class/SC_CheckError.php(63)] from ::1
2018/10/30 12:27:31 [/eccube-2.12.6/html/admin/products/product.php] Warning(E_WARNING): array_diff(): Argument #1 is not an array on [/Applications/MAMP/htdocs/eccube-2.12.6/data/class/SC_CheckError.php(63)] from ::1
2018/10/30 12:27:31 [/eccube-2.12.6/html/admin/products/product.php] Warning(E_WARNING): array_diff(): Argument #1 is not an array on [/Applications/MAMP/htdocs/eccube-2.12.6/data/class/SC_CheckError.php(63)] from ::1
2018/10/30 12:27:31 [/eccube-2.12.6/html/admin/products/product.php] Warning(E_WARNING): array_diff(): Argument #1 is not an array on [/Applications/MAMP/htdocs/eccube-2.12.6/data/class/SC_CheckError.php(63)] from ::1
2018/10/30 12:27:34 [/eccube-2.12.6/html/admin/products/product.php] Warning(E_WARNING): array_diff(): Argument #1 is not an array on [/Applications/MAMP/htdocs/eccube-2.12.6/data/class/SC_CheckError.php(63)] from ::1
2018/10/30 12:27:34 [/eccube-2.12.6/html/admin/products/product.php] Warning(E_WARNING): array_diff(): Argument #1 is not an array on [/Applications/MAMP/htdocs/eccube-2.12.6/data/class/SC_CheckError.php(63)] from ::1
2018/10/30 12:27:34 [/eccube-2.12.6/html/admin/products/product.php] Warning(E_WARNING): array_diff(): Argument #1 is not an array on [/Applications/MAMP/htdocs/eccube-2.12.6/data/class/SC_CheckError.php(63)] from ::1
2018/10/30 12:27:34 [/eccube-2.12.6/html/admin/products/product.php] Warning(E_WARNING): array_diff(): Argument #1 is not an array on [/Applications/MAMP/htdocs/eccube-2.12.6/data/class/SC_CheckError.php(63)] from ::1
2018/10/30 12:27:34 [/eccube-2.12.6/html/admin/products/product.php] Warning(E_WARNING): array_diff(): Argument #1 is not an array on [/Applications/MAMP/htdocs/eccube-2.12.6/data/class/SC_CheckError.php(63)] from ::1
2018/10/30 12:27:34 [/eccube-2.12.6/html/admin/products/product.php] Warning(E_WARNING): array_diff(): Argument #1 is not an array on [/Applications/MAMP/htdocs/eccube-2.12.6/data/class/SC_CheckError.php(63)] from ::1
2018/10/30 12:27:42 [/eccube-2.12.6/html/admin/products/product.php] Warning(E_WARNING): array_diff(): Argument #1 is not an array on [/Applications/MAMP/htdocs/eccube-2.12.6/data/class/SC_CheckError.php(63)] from ::1
2018/10/30 12:27:42 [/eccube-2.12.6/html/admin/products/product.php] Warning(E_WARNING): array_diff(): Argument #1 is not an array on [/Applications/MAMP/htdocs/eccube-2.12.6/data/class/SC_CheckError.php(63)] from ::1
2018/10/30 12:27:42 [/eccube-2.12.6/html/admin/products/product.php] Warning(E_WARNING): array_diff(): Argument #1 is not an array on [/Applications/MAMP/htdocs/eccube-2.12.6/data/class/SC_CheckError.php(63)] from ::1
2018/10/30 12:27:42 [/eccube-2.12.6/html/admin/products/product.php] Warning(E_WARNING): array_diff(): Argument #1 is not an array on [/Applications/MAMP/htdocs/eccube-2.12.6/data/class/SC_CheckError.php(63)] from ::1
2018/10/30 12:27:42 [/eccube-2.12.6/html/admin/products/product.php] Warning(E_WARNING): array_diff(): Argument #1 is not an array on [/Applications/MAMP/htdocs/eccube-2.12.6/data/class/SC_CheckError.php(63)] from ::1
2018/10/30 12:27:42 [/eccube-2.12.6/html/admin/products/product.php] Warning(E_WARNING): array_diff(): Argument #1 is not an array on [/Applications/MAMP/htdocs/eccube-2.12.6/data/class/SC_CheckError.php(63)] from ::1
2018/10/30 12:27:45 [/eccube-2.12.6/html/admin/products/product.php] Warning(E_WARNING): array_diff(): Argument #1 is not an array on [/Applications/MAMP/htdocs/eccube-2.12.6/data/class/SC_CheckError.php(63)] from ::1
2018/10/30 12:27:45 [/eccube-2.12.6/html/admin/products/product.php] Warning(E_WARNING): array_diff(): Argument #1 is not an array on [/Applications/MAMP/htdocs/eccube-2.12.6/data/class/SC_CheckError.php(63)] from ::1
2018/10/30 12:27:45 [/eccube-2.12.6/html/admin/products/product.php] Warning(E_WARNING): array_diff(): Argument #1 is not an array on [/Applications/MAMP/htdocs/eccube-2.12.6/data/class/SC_CheckError.php(63)] from ::1
2018/10/30 12:27:45 [/eccube-2.12.6/html/admin/products/product.php] Warning(E_WARNING): array_diff(): Argument #1 is not an array on [/Applications/MAMP/htdocs/eccube-2.12.6/data/class/SC_CheckError.php(63)] from ::1
2018/10/30 12:27:45 [/eccube-2.12.6/html/admin/products/product.php] Warning(E_WARNING): array_diff(): Argument #1 is not an array on [/Applications/MAMP/htdocs/eccube-2.12.6/data/class/SC_CheckError.php(63)] from ::1
2018/10/30 12:27:45 [/eccube-2.12.6/html/admin/products/product.php] Warning(E_WARNING): array_diff(): Argument #1 is not an array on [/Applications/MAMP/htdocs/eccube-2.12.6/data/class/SC_CheckError.php(63)] from ::1
2018/10/30 12:28:41 [/eccube-2.12.6/html/admin/products/product.php] Warning(E_WARNING): array_diff(): Argument #1 is not an array on [/Applications/MAMP/htdocs/eccube-2.12.6/data/class/SC_CheckError.php(63)] from ::1
2018/10/30 12:28:41 [/eccube-2.12.6/html/admin/products/product.php] Warning(E_WARNING): array_diff(): Argument #1 is not an array on [/Applications/MAMP/htdocs/eccube-2.12.6/data/class/SC_CheckError.php(63)] from ::1
2018/10/30 12:28:41 [/eccube-2.12.6/html/admin/products/product.php] Warning(E_WARNING): array_diff(): Argument #1 is not an array on [/Applications/MAMP/htdocs/eccube-2.12.6/data/class/SC_CheckError.php(63)] from ::1
2018/10/30 12:28:41 [/eccube-2.12.6/html/admin/products/product.php] Warning(E_WARNING): array_diff(): Argument #1 is not an array on [/Applications/MAMP/htdocs/eccube-2.12.6/data/class/SC_CheckError.php(63)] from ::1
2018/10/30 12:28:41 [/eccube-2.12.6/html/admin/products/product.php] Warning(E_WARNING): array_diff(): Argument #1 is not an array on [/Applications/MAMP/htdocs/eccube-2.12.6/data/class/SC_CheckError.php(63)] from ::1
2018/10/30 12:28:41 [/eccube-2.12.6/html/admin/products/product.php] Warning(E_WARNING): array_diff(): Argument #1 is not an array on [/Applications/MAMP/htdocs/eccube-2.12.6/data/class/SC_CheckError.php(63)] from ::1
2018/10/30 12:28:50 [/eccube-2.12.6/html/admin/products/product.php] Warning(E_WARNING): array_diff(): Argument #1 is not an array on [/Applications/MAMP/htdocs/eccube-2.12.6/data/class/SC_CheckError.php(63)] from ::1
2018/10/30 12:28:50 [/eccube-2.12.6/html/admin/products/product.php] Warning(E_WARNING): array_diff(): Argument #1 is not an array on [/Applications/MAMP/htdocs/eccube-2.12.6/data/class/SC_CheckError.php(63)] from ::1
2018/10/30 12:28:50 [/eccube-2.12.6/html/admin/products/product.php] Warning(E_WARNING): array_diff(): Argument #1 is not an array on [/Applications/MAMP/htdocs/eccube-2.12.6/data/class/SC_CheckError.php(63)] from ::1
2018/10/30 12:28:50 [/eccube-2.12.6/html/admin/products/product.php] Warning(E_WARNING): array_diff(): Argument #1 is not an array on [/Applications/MAMP/htdocs/eccube-2.12.6/data/class/SC_CheckError.php(63)] from ::1
2018/10/30 12:28:50 [/eccube-2.12.6/html/admin/products/product.php] Warning(E_WARNING): array_diff(): Argument #1 is not an array on [/Applications/MAMP/htdocs/eccube-2.12.6/data/class/SC_CheckError.php(63)] from ::1
2018/10/30 12:28:50 [/eccube-2.12.6/html/admin/products/product.php] Warning(E_WARNING): array_diff(): Argument #1 is not an array on [/Applications/MAMP/htdocs/eccube-2.12.6/data/class/SC_CheckError.php(63)] from ::1
2018/10/30 12:30:45 [/eccube-2.12.6/html/admin/products/product.php] Warning(E_WARNING): array_diff(): Argument #1 is not an array on [/Applications/MAMP/htdocs/eccube-2.12.6/data/class/SC_CheckError.php(63)] from ::1
2018/10/30 12:30:45 [/eccube-2.12.6/html/admin/products/product.php] Warning(E_WARNING): array_diff(): Argument #1 is not an array on [/Applications/MAMP/htdocs/eccube-2.12.6/data/class/SC_CheckError.php(63)] from ::1
2018/10/30 12:30:45 [/eccube-2.12.6/html/admin/products/product.php] Warning(E_WARNING): array_diff(): Argument #1 is not an array on [/Applications/MAMP/htdocs/eccube-2.12.6/data/class/SC_CheckError.php(63)] from ::1
2018/10/30 12:30:45 [/eccube-2.12.6/html/admin/products/product.php] Warning(E_WARNING): array_diff(): Argument #1 is not an array on [/Applications/MAMP/htdocs/eccube-2.12.6/data/class/SC_CheckError.php(63)] from ::1
2018/10/30 12:30:45 [/eccube-2.12.6/html/admin/products/product.php] Warning(E_WARNING): array_diff(): Argument #1 is not an array on [/Applications/MAMP/htdocs/eccube-2.12.6/data/class/SC_CheckError.php(63)] from ::1
2018/10/30 12:30:45 [/eccube-2.12.6/html/admin/products/product.php] Warning(E_WARNING): array_diff(): Argument #1 is not an array on [/Applications/MAMP/htdocs/eccube-2.12.6/data/class/SC_CheckError.php(63)] from ::1
2018/10/30 12:30:57 [/eccube-2.12.6/html/contact/index.php] Warning(E_WARNING): Illegal string offset 'name01' on [/Applications/MAMP/htdocs/eccube-2.12.6/data/Smarty/templates_c/default/%%6D^6D7^6D765D86%%index.tpl.php(28)] from ::1
2018/10/30 12:30:57 [/eccube-2.12.6/html/contact/index.php] Warning(E_WARNING): Illegal string offset 'name02' on [/Applications/MAMP/htdocs/eccube-2.12.6/data/Smarty/templates_c/default/%%6D^6D7^6D765D86%%index.tpl.php(32)] from ::1
2018/10/30 12:30:57 [/eccube-2.12.6/html/contact/index.php] Warning(E_WARNING): Illegal string offset 'kana01' on [/Applications/MAMP/htdocs/eccube-2.12.6/data/Smarty/templates_c/default/%%6D^6D7^6D765D86%%index.tpl.php(44)] from ::1
2018/10/30 12:30:57 [/eccube-2.12.6/html/contact/index.php] Warning(E_WARNING): Illegal string offset 'kana02' on [/Applications/MAMP/htdocs/eccube-2.12.6/data/Smarty/templates_c/default/%%6D^6D7^6D765D86%%index.tpl.php(48)] from ::1
2018/10/30 12:30:57 [/eccube-2.12.6/html/contact/index.php] Warning(E_WARNING): Illegal string offset 'zip01' on [/Applications/MAMP/htdocs/eccube-2.12.6/data/Smarty/templates_c/default/%%6D^6D7^6D765D86%%index.tpl.php(62)] from ::1
2018/10/30 12:30:57 [/eccube-2.12.6/html/contact/index.php] Warning(E_WARNING): Illegal string offset 'zip02' on [/Applications/MAMP/htdocs/eccube-2.12.6/data/Smarty/templates_c/default/%%6D^6D7^6D765D86%%index.tpl.php(66)] from ::1
2018/10/30 12:30:57 [/eccube-2.12.6/html/contact/index.php] Warning(E_WARNING): Illegal string offset 'pref' on [/Applications/MAMP/htdocs/eccube-2.12.6/data/Smarty/templates_c/default/%%6D^6D7^6D765D86%%index.tpl.php(91)] from ::1
2018/10/30 12:30:57 [/eccube-2.12.6/html/contact/index.php] Warning(E_WARNING): Illegal string offset 'addr01' on [/Applications/MAMP/htdocs/eccube-2.12.6/data/Smarty/templates_c/default/%%6D^6D7^6D765D86%%index.tpl.php(95)] from ::1
2018/10/30 12:30:57 [/eccube-2.12.6/html/contact/index.php] Warning(E_WARNING): Illegal string offset 'addr02' on [/Applications/MAMP/htdocs/eccube-2.12.6/data/Smarty/templates_c/default/%%6D^6D7^6D765D86%%index.tpl.php(103)] from ::1
2018/10/30 12:30:57 [/eccube-2.12.6/html/contact/index.php] Warning(E_WARNING): Illegal string offset 'tel01' on [/Applications/MAMP/htdocs/eccube-2.12.6/data/Smarty/templates_c/default/%%6D^6D7^6D765D86%%index.tpl.php(120)] from ::1
2018/10/30 12:30:57 [/eccube-2.12.6/html/contact/index.php] Warning(E_WARNING): Illegal string offset 'tel02' on [/Applications/MAMP/htdocs/eccube-2.12.6/data/Smarty/templates_c/default/%%6D^6D7^6D765D86%%index.tpl.php(124)] from ::1
2018/10/30 12:30:57 [/eccube-2.12.6/html/contact/index.php] Warning(E_WARNING): Illegal string offset 'tel03' on [/Applications/MAMP/htdocs/eccube-2.12.6/data/Smarty/templates_c/default/%%6D^6D7^6D765D86%%index.tpl.php(128)] from ::1
2018/10/30 12:30:57 [/eccube-2.12.6/html/contact/index.php] Warning(E_WARNING): Illegal string offset 'email' on [/Applications/MAMP/htdocs/eccube-2.12.6/data/Smarty/templates_c/default/%%6D^6D7^6D765D86%%index.tpl.php(140)] from ::1
2018/10/30 12:46:04 [/eccube-2.12.6/html/abouts/index.php] Warning(E_WARNING): Creating default object from empty value on [/Applications/MAMP/htdocs/eccube-2.12.6/data/class/pages/abouts/LC_Page_Abouts.php(70)] from ::1
2018/10/30 12:46:06 [/eccube-2.12.6/html/abouts/index.php] Warning(E_WARNING): Creating default object from empty value on [/Applications/MAMP/htdocs/eccube-2.12.6/data/class/pages/abouts/LC_Page_Abouts.php(70)] from ::1
2018/10/30 12:46:06 [/eccube-2.12.6/html/abouts/index.php] Warning(E_WARNING): Creating default object from empty value on [/Applications/MAMP/htdocs/eccube-2.12.6/data/class/pages/abouts/LC_Page_Abouts.php(70)] from ::1
2018/10/30 12:53:54 [/eccube-2.12.6/html/abouts/index.php] Warning(E_WARNING): Creating default object from empty value on [/Applications/MAMP/htdocs/eccube-2.12.6/data/class/pages/abouts/LC_Page_Abouts.php(70)] from ::1
2018/10/30 12:56:48 [/eccube-2.12.6/html/entry/index.php] Warning(E_WARNING): Missing argument 2 for SC_Helper_Mail::sfMakeSubject(), called in /Applications/MAMP/htdocs/eccube-2.12.6/data/class/pages/entry/LC_Page_Entry.php on line 251 and defined on [/Applications/MAMP/htdocs/eccube-2.12.6/data/class/helper/SC_Helper_Mail.php(250)] from ::1
2018/10/30 12:57:08 [/eccube-2.12.6/html/shopping/deliv.php] Warning(E_WARNING): array_keys() expects parameter 1 to be array, null given on [/Applications/MAMP/htdocs/eccube-2.12.6/data/class/pages/shopping/LC_Page_Shopping_Deliv.php(156)] from ::1
2018/10/30 13:40:08 [/eccube-2.12.6/html/admin/basis/zip_install.php] Fatal error(E_USER_ERROR): /Applications/MAMP/htdocs/eccube-2.12.6/html/../data/downloads/tmp/ken_all.zip への書き込みに失敗しました。 on [/Applications/MAMP/htdocs/eccube-2.12.6/data/class/pages/admin/basis/LC_Page_Admin_Basis_ZipInstall.php(373)] from ::1
login_id = admin(0)[fc45895309683cdf353c60273bf38093]
/Applications/MAMP/htdocs/eccube-2.12.6/html/admin/basis/zip_install.php(34): LC_Page_Admin_Basis_ZipInstall_Ex->process
/Applications/MAMP/htdocs/eccube-2.12.6/data/class_extends/page_extends/admin/basis/LC_Page_Admin_Basis_ZipInstall_Ex.php(56): LC_Page_Admin_Basis_ZipInstall->process
/Applications/MAMP/htdocs/eccube-2.12.6/data/class/pages/admin/basis/LC_Page_Admin_Basis_ZipInstall.php(87): LC_Page_Admin_Basis_ZipInstall->action
/Applications/MAMP/htdocs/eccube-2.12.6/data/class/pages/admin/basis/LC_Page_Admin_Basis_ZipInstall.php(148): LC_Page_Admin_Basis_ZipInstall->lfDownloadZipFileFromJp
/Applications/MAMP/htdocs/eccube-2.12.6/data/class/pages/admin/basis/LC_Page_Admin_Basis_ZipInstall.php(373): trigger_error
2018/10/30 14:01:05 [/eccube-2.12.6/html/admin/ownersstore/index.php] Warning(E_WARNING): file_exists() expects parameter 1 to be a valid path, string given on [/Applications/MAMP/htdocs/eccube-2.12.6/data/module/Archive/Tar.php(1609)] from ::1
2018/10/30 14:01:25 [/eccube-2.12.6/html/admin/ownersstore/index.php] Warning(E_WARNING): file_exists() expects parameter 1 to be a valid path, string given on [/Applications/MAMP/htdocs/eccube-2.12.6/data/module/Archive/Tar.php(1609)] from ::1
2018/10/30 14:03:54 [/eccube-2.12.6/html/admin/ownersstore/index.php] Warning(E_WARNING): file_exists() expects parameter 1 to be a valid path, string given on [/Applications/MAMP/htdocs/eccube-2.12.6/data/module/Archive/Tar.php(1609)] from ::1
2018/10/30 14:10:52 [/eccube-2.12.6/html/admin/ownersstore/index.php] Warning(E_WARNING): file_exists() expects parameter 1 to be a valid path, string given on [/Applications/MAMP/htdocs/eccube-2.12.6/data/module/Archive/Tar.php(1609)] from ::1
2018/10/30 14:16:53 [/eccube-2.12.6/html/admin/ownersstore/index.php] Warning(E_WARNING): file_exists() expects parameter 1 to be a valid path, string given on [/Applications/MAMP/htdocs/eccube-2.12.6/data/module/Archive/Tar.php(1609)] from ::1
2018/10/30 14:26:22 [/eccube-2.12.6/html/admin/ownersstore/index.php] Fatal error(E_USER_ERROR): DB処理でエラーが発生しました。
SQL: [PREPARE mdb2_statement_mysql_8b0fcfca0ef5632a4f2a54a5f4d73e9949f389e0f FROM 'INSERT INTO dtb_bloc(device_type_id,bloc_id,bloc_name,tpl_path,filename,create_date,update_date,php_path,deletable_flg,plugin_id) SELECT ?,?,?,?,?,CURRENT_TIMESTAMP,CURRENT_TIMESTAMP,?,?,?']
PlaceHolder: [array (
  0 => 10,
  1 => 11,
  2 => '全ページ対応パンくずリスト表示プラグイン 無料版',
  3 => 'breadcrumblist.tpl',
  4 => 'breadcrumblist',
  5 => 'frontparts/bloc/breadcrumblist.php',
  6 => 0,
  7 => '1',
)]
MDB2 Error: constraint violation
_doQuery: [Error message: Could not execute statement]
[Last executed query: EXECUTE mdb2_statement_mysql_8b0fcfca0ef5632a4f2a54a5f4d73e9949f389e0f USING @0, @1, @2, @3, @4, @5, @6, @7]
[Native code: 1062]
[Native message: Duplicate entry '10-breadcrumblist' for key 'device_type_id']
 on [/Applications/MAMP/htdocs/eccube-2.12.6/data/class/SC_Query.php(1007)] from ::1
login_id = admin(0)[fc45895309683cdf353c60273bf38093]
/Applications/MAMP/htdocs/eccube-2.12.6/html/admin/ownersstore/index.php(34): LC_Page_Admin_OwnersStore_Ex->process
/Applications/MAMP/htdocs/eccube-2.12.6/data/class_extends/page_extends/admin/ownersstore/LC_Page_Admin_OwnersStore_Ex.php(56): LC_Page_Admin_OwnersStore->process
/Applications/MAMP/htdocs/eccube-2.12.6/data/class/pages/admin/ownersstore/LC_Page_Admin_OwnersStore.php(59): LC_Page_Admin_OwnersStore->action
/Applications/MAMP/htdocs/eccube-2.12.6/data/class/pages/admin/ownersstore/LC_Page_Admin_OwnersStore.php(117): LC_Page_Admin_OwnersStore->enablePlugin
/Applications/MAMP/htdocs/eccube-2.12.6/data/class/pages/admin/ownersstore/LC_Page_Admin_OwnersStore.php(675): LC_Page_Admin_OwnersStore->execPlugin
/Applications/MAMP/htdocs/eccube-2.12.6/data/class/pages/admin/ownersstore/LC_Page_Admin_OwnersStore.php(829): call_user_func
(): BreadcrumbList::enable
/Applications/MAMP/htdocs/eccube-2.12.6/data/downloads/plugin/BreadcrumbList/BreadcrumbList.php(72): BreadcrumbList::insertBloc
/Applications/MAMP/htdocs/eccube-2.12.6/data/downloads/plugin/BreadcrumbList/BreadcrumbList.php(146): SC_Query->insert
/Applications/MAMP/htdocs/eccube-2.12.6/data/class/SC_Query.php(530): SC_Query->query
/Applications/MAMP/htdocs/eccube-2.12.6/data/class/SC_Query.php(814): SC_Query->execute
/Applications/MAMP/htdocs/eccube-2.12.6/data/class/SC_Query.php(970): SC_Query->error
/Applications/MAMP/htdocs/eccube-2.12.6/data/class/SC_Query.php(1007): trigger_error
2018/10/30 14:50:45 [/eccube-2.12.6/html/admin/ownersstore/index.php] Warning(E_WARNING): include(plg/AddProductColumns/SC/Helper/Session/Ex.php): failed to open stream: No such file or directory on [/Applications/MAMP/htdocs/eccube-2.12.6/data/class/SC_ClassAutoloader.php(120)] from ::1
2018/10/30 14:50:45 [/eccube-2.12.6/html/admin/ownersstore/index.php] Warning(E_WARNING): include(): Failed opening 'plg/AddProductColumns/SC/Helper/Session/Ex.php' for inclusion (include_path='/Applications/MAMP/htdocs/eccube-2.12.6/data/module:.:/Applications/MAMP/bin/php/php5.6.32/lib/php') on [/Applications/MAMP/htdocs/eccube-2.12.6/data/class/SC_ClassAutoloader.php(120)] from ::1
2018/10/30 14:50:45 [/eccube-2.12.6/html/admin/ownersstore/index.php] Warning(E_WARNING): include(plg/AddProductColumns/SC/Utils/Ex.php): failed to open stream: No such file or directory on [/Applications/MAMP/htdocs/eccube-2.12.6/data/class/SC_ClassAutoloader.php(120)] from ::1
2018/10/30 14:50:45 [/eccube-2.12.6/html/admin/ownersstore/index.php] Warning(E_WARNING): include(): Failed opening 'plg/AddProductColumns/SC/Utils/Ex.php' for inclusion (include_path='/Applications/MAMP/htdocs/eccube-2.12.6/data/module:.:/Applications/MAMP/bin/php/php5.6.32/lib/php') on [/Applications/MAMP/htdocs/eccube-2.12.6/data/class/SC_ClassAutoloader.php(120)] from ::1
2018/10/30 14:50:45 [/eccube-2.12.6/html/admin/ownersstore/index.php] Warning(E_WARNING): include(plg/AddProductColumns/Sql/MySQL/Ex.php): failed to open stream: No such file or directory on [/Applications/MAMP/htdocs/eccube-2.12.6/data/class/SC_ClassAutoloader.php(120)] from ::1
2018/10/30 14:50:45 [/eccube-2.12.6/html/admin/ownersstore/index.php] Warning(E_WARNING): include(): Failed opening 'plg/AddProductColumns/Sql/MySQL/Ex.php' for inclusion (include_path='/Applications/MAMP/htdocs/eccube-2.12.6/data/module:.:/Applications/MAMP/bin/php/php5.6.32/lib/php') on [/Applications/MAMP/htdocs/eccube-2.12.6/data/class/SC_ClassAutoloader.php(120)] from ::1
2018/10/30 14:51:13 [/eccube-2.12.6/html/admin/ownersstore/index.php] Warning(E_WARNING): include(plg/AddProductColumns/SC/Helper/Session/Ex.php): failed to open stream: No such file or directory on [/Applications/MAMP/htdocs/eccube-2.12.6/data/class/SC_ClassAutoloader.php(120)] from ::1
2018/10/30 14:51:13 [/eccube-2.12.6/html/admin/ownersstore/index.php] Warning(E_WARNING): include(): Failed opening 'plg/AddProductColumns/SC/Helper/Session/Ex.php' for inclusion (include_path='/Applications/MAMP/htdocs/eccube-2.12.6/data/module:.:/Applications/MAMP/bin/php/php5.6.32/lib/php') on [/Applications/MAMP/htdocs/eccube-2.12.6/data/class/SC_ClassAutoloader.php(120)] from ::1
2018/10/30 14:53:04 [/eccube-2.12.6/html/admin/ownersstore/index.php] Warning(E_WARNING): include(plg/AddProductColumns/SC/Helper/Session/Ex.php): failed to open stream: No such file or directory on [/Applications/MAMP/htdocs/eccube-2.12.6/data/class/SC_ClassAutoloader.php(120)] from ::1
2018/10/30 14:53:04 [/eccube-2.12.6/html/admin/ownersstore/index.php] Warning(E_WARNING): include(): Failed opening 'plg/AddProductColumns/SC/Helper/Session/Ex.php' for inclusion (include_path='/Applications/MAMP/htdocs/eccube-2.12.6/data/module:.:/Applications/MAMP/bin/php/php5.6.32/lib/php') on [/Applications/MAMP/htdocs/eccube-2.12.6/data/class/SC_ClassAutoloader.php(120)] from ::1
2018/10/31 09:52:43 [/eccube-2.12.6/html/products/list.php] Warning(E_USER_WARNING): Smarty error: unable to read resource: "site_frame.tpl" on [/Applications/MAMP/htdocs/eccube-2.12.6/data/module/Smarty/libs/Smarty.class.php(1093)] from ::1
2018/10/31 10:05:50 [/eccube-2.12.6/html/shopping/deliv.php] Warning(E_WARNING): array_keys() expects parameter 1 to be array, null given on [/Applications/MAMP/htdocs/eccube-2.12.6/data/class/pages/shopping/LC_Page_Shopping_Deliv.php(156)] from ::1
