2018/10/30 12:57:28 [/eccube-2.12.6/html/shopping/confirm.php] order complete. order_id=1 from ::1
2018/10/30 14:40:35 [/eccube-2.12.6/html/preview/index.php] access : user=admin auth=0 sid=fc45895309683cdf353c60273bf38093 from ::1
2018/10/30 14:41:01 [/eccube-2.12.6/html/preview/index.php] access : user=admin auth=0 sid=fc45895309683cdf353c60273bf38093 from ::1
2018/10/30 14:41:24 [/eccube-2.12.6/html/preview/index.php] access : user=admin auth=0 sid=fc45895309683cdf353c60273bf38093 from ::1
2018/10/30 14:47:49 [/eccube-2.12.6/html/preview/index.php] access : user=admin auth=0 sid=fc45895309683cdf353c60273bf38093 from ::1
2018/10/31 09:52:42 [/eccube-2.12.6/html/products/list.php] ブロックが見つかりません
tpl_path: /Applications/MAMP/htdocs/eccube-2.12.6/html/../data/Smarty/templates/demo/frontparts/bloc/guide.tpl
php_path:  from ::1
2018/10/31 09:52:42 [/eccube-2.12.6/html/products/list.php] ブロックが見つかりません
tpl_path: /Applications/MAMP/htdocs/eccube-2.12.6/html/../data/Smarty/templates/demo/frontparts/bloc/guide.tpl
php_path:  from ::1
2018/10/31 09:55:46 [/eccube-2.12.6/html/preview/index.php] access : user=admin auth=0 sid=fc45895309683cdf353c60273bf38093 from ::1
2018/10/31 09:56:25 [/eccube-2.12.6/html/preview/index.php] access : user=admin auth=0 sid=fc45895309683cdf353c60273bf38093 from ::1
2018/10/31 09:57:19 [/eccube-2.12.6/html/preview/index.php] access : user=admin auth=0 sid=fc45895309683cdf353c60273bf38093 from ::1
2018/10/31 09:58:40 [/eccube-2.12.6/html/preview/index.php] access : user=admin auth=0 sid=fc45895309683cdf353c60273bf38093 from ::1
2018/10/31 10:00:16 [/eccube-2.12.6/html/preview/index.php] access : user=admin auth=0 sid=fc45895309683cdf353c60273bf38093 from ::1
2018/10/31 10:01:02 [/eccube-2.12.6/html/preview/index.php] access : user=admin auth=0 sid=fc45895309683cdf353c60273bf38093 from ::1
2018/10/31 10:01:55 [/eccube-2.12.6/html/preview/index.php] access : user=admin auth=0 sid=fc45895309683cdf353c60273bf38093 from ::1
2018/10/31 10:02:59 [/eccube-2.12.6/html/preview/index.php] access : user=admin auth=0 sid=fc45895309683cdf353c60273bf38093 from ::1
2018/10/31 10:04:47 [/eccube-2.12.6/html/preview/index.php] access : user=admin auth=0 sid=fc45895309683cdf353c60273bf38093 from ::1
2018/10/31 10:05:22 [/eccube-2.12.6/html/preview/index.php] access : user=admin auth=0 sid=fc45895309683cdf353c60273bf38093 from ::1
2018/10/31 10:06:09 [/eccube-2.12.6/html/preview/index.php] access : user=admin auth=0 sid=fc45895309683cdf353c60273bf38093 from ::1
2018/10/31 10:06:25 [/eccube-2.12.6/html/preview/index.php] access : user=admin auth=0 sid=fc45895309683cdf353c60273bf38093 from ::1
2018/10/31 10:08:14 [/eccube-2.12.6/html/preview/index.php] access : user=admin auth=0 sid=fc45895309683cdf353c60273bf38093 from ::1
2018/10/31 10:08:40 [/eccube-2.12.6/html/preview/index.php] access : user=admin auth=0 sid=fc45895309683cdf353c60273bf38093 from ::1
2018/10/31 10:09:01 [/eccube-2.12.6/html/preview/index.php] access : user=admin auth=0 sid=fc45895309683cdf353c60273bf38093 from ::1
2018/10/31 10:14:43 [/eccube-2.12.6/html/preview/index.php] access : user=admin auth=0 sid=fc45895309683cdf353c60273bf38093 from ::1
2018/10/31 10:17:18 [/eccube-2.12.6/html/preview/index.php] access : user=admin auth=0 sid=fc45895309683cdf353c60273bf38093 from ::1
